Determining if the pthread_create exist failed with the following output:
Change Dir: /home/willian/CLionProjects/learn-opengl/include/glfw/CMakeFiles/CMakeTmp

Run Build Command:"/usr/bin/make" "cmTC_3cdef/fast"
/usr/bin/make -f CMakeFiles/cmTC_3cdef.dir/build.make CMakeFiles/cmTC_3cdef.dir/build
make[1]: Entering directory '/home/willian/CLionProjects/learn-opengl/include/glfw/CMakeFiles/CMakeTmp'
Building C object CMakeFiles/cmTC_3cdef.dir/CheckSymbolExists.c.o
/usr/bin/cc    -o CMakeFiles/cmTC_3cdef.dir/CheckSymbolExists.c.o   -c /home/willian/CLionProjects/learn-opengl/include/glfw/CMakeFiles/CMakeTmp/CheckSymbolExists.c
Linking C executable cmTC_3cdef
/usr/bin/cmake -E cmake_link_script CMakeFiles/cmTC_3cdef.dir/link.txt --verbose=1
/usr/bin/cc      -rdynamic CMakeFiles/cmTC_3cdef.dir/CheckSymbolExists.c.o  -o cmTC_3cdef 
/usr/bin/ld: CMakeFiles/cmTC_3cdef.dir/CheckSymbolExists.c.o: na função "main":
CheckSymbolExists.c:(.text+0x1b): referência não definida para "pthread_create"
collect2: error: ld returned 1 exit status
make[1]: *** [CMakeFiles/cmTC_3cdef.dir/build.make:87: cmTC_3cdef] Error 1
make[1]: Leaving directory '/home/willian/CLionProjects/learn-opengl/include/glfw/CMakeFiles/CMakeTmp'
make: *** [Makefile:121: cmTC_3cdef/fast] Error 2

File /home/willian/CLionProjects/learn-opengl/include/glfw/CMakeFiles/CMakeTmp/CheckSymbolExists.c:
/* */
#include <pthread.h>

int main(int argc, char** argv)
{
  (void)argv;
#ifndef pthread_create
  return ((int*)(&pthread_create))[argc];
#else
  (void)argc;
  return 0;
#endif
}

Determining if the function pthread_create exists in the pthreads failed with the following output:
Change Dir: /home/willian/CLionProjects/learn-opengl/include/glfw/CMakeFiles/CMakeTmp

Run Build Command:"/usr/bin/make" "cmTC_74f2e/fast"
/usr/bin/make -f CMakeFiles/cmTC_74f2e.dir/build.make CMakeFiles/cmTC_74f2e.dir/build
make[1]: Entering directory '/home/willian/CLionProjects/learn-opengl/include/glfw/CMakeFiles/CMakeTmp'
Building C object CMakeFiles/cmTC_74f2e.dir/CheckFunctionExists.c.o
/usr/bin/cc   -DCHECK_FUNCTION_EXISTS=pthread_create   -o CMakeFiles/cmTC_74f2e.dir/CheckFunctionExists.c.o   -c /usr/share/cmake-3.13/Modules/CheckFunctionExists.c
Linking C executable cmTC_74f2e
/usr/bin/cmake -E cmake_link_script CMakeFiles/cmTC_74f2e.dir/link.txt --verbose=1
/usr/bin/cc  -DCHECK_FUNCTION_EXISTS=pthread_create    -rdynamic CMakeFiles/cmTC_74f2e.dir/CheckFunctionExists.c.o  -o cmTC_74f2e -lpthreads 
/usr/bin/ld: não foi possível localizar -lpthreads
collect2: error: ld returned 1 exit status
make[1]: *** [CMakeFiles/cmTC_74f2e.dir/build.make:87: cmTC_74f2e] Error 1
make[1]: Leaving directory '/home/willian/CLionProjects/learn-opengl/include/glfw/CMakeFiles/CMakeTmp'
make: *** [Makefile:121: cmTC_74f2e/fast] Error 2


